<?xml version="1.0" encoding="UTF-8"?>
<!-- Generated by org.testng.reporters.JUnitReportReporter -->
<testsuite hostname="LAPTOP-89KAFAM3" failures="0" tests="2" name="automation.test.runner.Script037_Parallel" time="12.224" errors="0" timestamp="2025-09-09T10:35:47 IST" skipped="0">
  <testcase classname="automation.test.runner.Script037_Parallel" name="test" time="4.175"/>
  <testcase classname="automation.test.runner.Script037_Parallel" name="test" time="8.049"/>
</testsuite> <!-- automation.test.runner.Script037_Parallel -->
