<?xml version="1.0" encoding="UTF-8"?>
<!-- Generated by org.testng.reporters.JUnitReportReporter -->
<testsuite hostname="LAPTOP-89KAFAM3" failures="0" tests="2" name="automation.test.runner.Script035_AutomationExercise" time="9.771" errors="0" timestamp="2025-08-23T07:41:24 IST" skipped="1">
  <testcase classname="automation.test.runner.Script035_AutomationExercise" name="josaluka" time="9.771"/>
  <testcase classname="automation.test.runner.Script035_AutomationExercise" name="kushalsApp">
    <skipped/>
  </testcase> <!-- kushalsApp -->
</testsuite> <!-- automation.test.runner.Script035_AutomationExercise -->
