<?xml version="1.0" encoding="UTF-8"?>
<!-- Generated by org.testng.reporters.JUnitReportReporter -->
<testsuite hostname="LAPTOP-89KAFAM3" failures="0" tests="10" name="automation.test.runner.Script23_DataProvision" time="319.635" errors="0" timestamp="2025-05-02T16:27:54 IST" skipped="0">
  <testcase classname="automation.test.runner.Script23_DataProvision" name="flipKart" time="31.854">
    <system-out>
      <![CDATA[₹52,000]]>
    </system-out>
  </testcase> <!-- flipKart -->
  <testcase classname="automation.test.runner.Script23_DataProvision" name="flipKart" time="31.894">
    <system-out>
      <![CDATA[₹44,999
₹49,9009% off
Free delivery]]>
    </system-out>
  </testcase> <!-- flipKart -->
  <testcase classname="automation.test.runner.Script23_DataProvision" name="flipKart" time="31.778">
    <system-out>
      <![CDATA[₹63,999
₹69,9008% off
Free delivery]]>
    </system-out>
  </testcase> <!-- flipKart -->
  <testcase classname="automation.test.runner.Script23_DataProvision" name="flipKart" time="31.860">
    <system-out>
      <![CDATA[₹79,999
₹89,90011% off
Free delivery]]>
    </system-out>
  </testcase> <!-- flipKart -->
  <testcase classname="automation.test.runner.Script23_DataProvision" name="flipKart" time="32.433">
    <system-out>
      <![CDATA[₹44,999
₹49,9009% off
Free delivery]]>
    </system-out>
  </testcase> <!-- flipKart -->
  <testcase classname="automation.test.runner.Script23_DataProvision" name="flipKart" time="31.669">
    <system-out>
      <![CDATA[₹44,999
₹49,9009% off
Free delivery]]>
    </system-out>
  </testcase> <!-- flipKart -->
  <testcase classname="automation.test.runner.Script23_DataProvision" name="flipKart" time="32.262">
    <system-out>
      <![CDATA[₹69,999
₹79,90012% off
Free delivery]]>
    </system-out>
  </testcase> <!-- flipKart -->
  <testcase classname="automation.test.runner.Script23_DataProvision" name="flipKart" time="31.950">
    <system-out>
      <![CDATA[₹79,999
₹89,90011% off
Free delivery]]>
    </system-out>
  </testcase> <!-- flipKart -->
  <testcase classname="automation.test.runner.Script23_DataProvision" name="flipKart" time="32.092">
    <system-out>
      <![CDATA[₹52,499
₹59,90012% off
Free delivery]]>
    </system-out>
  </testcase> <!-- flipKart -->
  <testcase classname="automation.test.runner.Script23_DataProvision" name="flipKart" time="31.843">
    <system-out>
      <![CDATA[₹79,999
₹89,90011% off
Free delivery]]>
    </system-out>
  </testcase> <!-- flipKart -->
  <system-out>
    <![CDATA[₹44,999
₹49,9009% off
Free delivery
₹52,499
₹59,90012% off
Free delivery
₹52,000
₹69,999
₹79,90012% off
Free delivery
₹79,999
₹89,90011% off
Free delivery
₹79,999
₹89,90011% off
Free delivery
₹44,999
₹49,9009% off
Free delivery
₹79,999
₹89,90011% off
Free delivery
₹63,999
₹69,9008% off
Free delivery
₹44,999
₹49,9009% off
Free delivery]]>
  </system-out>
</testsuite> <!-- automation.test.runner.Script23_DataProvision -->
