<?xml version="1.0" encoding="UTF-8"?>
<!-- Generated by org.testng.reporters.JUnitReportReporter -->
<testsuite hostname="LAPTOP-89KAFAM3" failures="0" tests="1" name="automation.test.runner.Script17_JDBC" time="0.767" errors="0" timestamp="2025-05-13T09:54:01 IST" skipped="0">
  <testcase classname="automation.test.runner.Script17_JDBC" name="selectdb" time="0.767"/>
</testsuite> <!-- automation.test.runner.Script17_JDBC -->
