<?xml version="1.0" encoding="UTF-8"?>
<!-- Generated by org.testng.reporters.JUnitReportReporter -->
<testsuite hostname="LAPTOP-89KAFAM3" failures="0" tests="1" name="automation.test.runner.Script036_CricBuzz" time="108.857" errors="0" timestamp="2025-09-02T17:55:00 IST" skipped="0">
  <testcase classname="automation.test.runner.Script036_CricBuzz" name="cricBuzzPlayers" time="108.857"/>
</testsuite> <!-- automation.test.runner.Script036_CricBuzz -->
