<?xml version="1.0" encoding="UTF-8"?>
<!-- Generated by org.testng.reporters.JUnitReportReporter -->
<testsuite hostname="LAPTOP-89KAFAM3" failures="0" tests="1" name="automation.test.runner.Script036_Automation" time="10.805" errors="0" timestamp="2025-09-04T13:16:08 IST" skipped="0">
  <testcase classname="automation.test.runner.Script036_Automation" name="cricBuzzPlayersWithIdentityHashMap" time="10.805"/>
</testsuite> <!-- automation.test.runner.Script036_Automation -->
