<?xml version="1.0" encoding="UTF-8"?>
<!-- Generated by org.testng.reporters.JUnitReportReporter -->
<testsuite hostname="LAPTOP-89KAFAM3" failures="0" tests="1" name="automation.test.runner.Script31_MultipleWindow" time="13.018" errors="0" timestamp="2025-06-21T20:27:08 IST" skipped="0">
  <testcase classname="automation.test.runner.Script31_MultipleWindow" name="multiWindow" time="13.018"/>
</testsuite> <!-- automation.test.runner.Script31_MultipleWindow -->
