<?xml version="1.0" encoding="UTF-8"?>
<!-- Generated by org.testng.reporters.JUnitReportReporter -->
<testsuite hostname="LAPTOP-89KAFAM3" failures="0" tests="2" name="automation.test.runner.Script35_AutomationExercise" time="24.139" errors="0" timestamp="2025-08-25T10:08:36 IST" skipped="1">
  <testcase classname="automation.test.runner.Script35_AutomationExercise" name="worldoMeters1" time="24.139">
    <system-out>
      <![CDATA[India Found on Page 1]]>
    </system-out>
  </testcase> <!-- worldoMeters1 -->
  <testcase classname="automation.test.runner.Script35_AutomationExercise" name="kushalsApp">
    <skipped/>
  </testcase> <!-- kushalsApp -->
  <system-out>
    <![CDATA[India Found on Page 1]]>
  </system-out>
</testsuite> <!-- automation.test.runner.Script35_AutomationExercise -->
