<?xml version="1.0" encoding="UTF-8"?>
<!-- Generated by org.testng.reporters.JUnitReportReporter -->
<testsuite hostname="LAPTOP-89KAFAM3" failures="0" tests="1" name="automation.test.runner.Script035_AutomationExercise" time="28.895" errors="0" timestamp="2025-08-22T18:19:49 IST" skipped="0">
  <testcase classname="automation.test.runner.Script035_AutomationExercise" name="worldoMeter2" time="28.895"/>
</testsuite> <!-- automation.test.runner.Script035_AutomationExercise -->
