<?xml version="1.0" encoding="UTF-8"?>
<!-- Generated by org.testng.reporters.JUnitReportReporter -->
<testsuite hostname="LAPTOP-89KAFAM3" failures="0" tests="1" name="automation.test.runner.Script33_AutomationExercise" time="19.536" errors="0" timestamp="2025-06-24T13:21:45 IST" skipped="0">
  <testcase classname="automation.test.runner.Script33_AutomationExercise" name="testCase1" time="19.536"/>
</testsuite> <!-- automation.test.runner.Script33_AutomationExercise -->
