<?xml version="1.0" encoding="UTF-8"?>
<!-- Generated by org.testng.reporters.JUnitReportReporter -->
<testsuite hostname="LAPTOP-89KAFAM3" failures="0" tests="1" name="automation.test.base.CloudBaseClass" time="7.764" errors="0" timestamp="2025-05-29T22:20:22 IST" skipped="0">
  <testcase classname="automation.test.base.CloudBaseClass" name="test" time="7.764"/>
</testsuite> <!-- automation.test.base.CloudBaseClass -->
