<?xml version="1.0" encoding="UTF-8"?>
<!-- Generated by org.testng.reporters.JUnitReportReporter -->
<testsuite hostname="LAPTOP-89KAFAM3" failures="0" tests="1" name="automation.test.runner.Script32_AlertHandling" time="25.515" errors="0" timestamp="2025-06-22T08:54:22 IST" skipped="0">
  <testcase classname="automation.test.runner.Script32_AlertHandling" name="javaScriptAlertHandlingPrompt" time="25.515"/>
</testsuite> <!-- automation.test.runner.Script32_AlertHandling -->
