<?xml version="1.0" encoding="UTF-8"?>
<!-- Generated by org.testng.reporters.JUnitReportReporter -->
<testsuite hostname="LAPTOP-89KAFAM3" failures="0" tests="1" name="automation.test.runner.Script036_AutomatioinExercise" time="8.102" errors="0" timestamp="2025-09-05T17:58:14 IST" skipped="0">
  <testcase classname="automation.test.runner.Script036_AutomatioinExercise" name="slider" time="8.102"/>
</testsuite> <!-- automation.test.runner.Script036_AutomatioinExercise -->
