<?xml version="1.0" encoding="UTF-8"?>
<!-- Generated by org.testng.reporters.JUnitReportReporter -->
<testsuite hostname="LAPTOP-89KAFAM3" failures="0" tests="1" name="automation.test.runner.Script26_NewWindow" time="3.423" errors="0" timestamp="2025-05-22T17:45:07 IST" skipped="0">
  <testcase classname="automation.test.runner.Script26_NewWindow" name="newBrowser" time="3.423"/>
</testsuite> <!-- automation.test.runner.Script26_NewWindow -->
