<?xml version="1.0" encoding="UTF-8"?>
<!-- Generated by org.testng.reporters.JUnitReportReporter -->
<testsuite hostname="LAPTOP-89KAFAM3" failures="0" tests="1" name="automation.test.runner.DimensionTest" time="2.977" errors="0" timestamp="2025-06-21T15:01:24 IST" skipped="0">
  <testcase classname="automation.test.runner.DimensionTest" name="setDimension" time="2.977"/>
</testsuite> <!-- automation.test.runner.DimensionTest -->
