<?xml version="1.0" encoding="UTF-8"?>
<!-- Generated by org.testng.reporters.JUnitReportReporter -->
<testsuite hostname="LAPTOP-89KAFAM3" failures="0" tests="1" name="automation.test.runner.Script05_ShadowRoot" time="10.625" errors="0" timestamp="2025-05-20T18:36:43 IST" skipped="0">
  <testcase classname="automation.test.runner.Script05_ShadowRoot" name="ShadowRoot" time="10.625"/>
</testsuite> <!-- automation.test.runner.Script05_ShadowRoot -->
