<?xml version="1.0" encoding="UTF-8"?>
<!-- Generated by org.testng.reporters.JUnitReportReporter -->
<testsuite hostname="LAPTOP-89KAFAM3" failures="0" tests="1" name="automation.test.runner.Script26_Amazon" time="19.963" errors="0" timestamp="2025-05-23T15:45:03 IST" skipped="0">
  <testcase classname="automation.test.runner.Script26_Amazon" name="TestEndToEnd" time="19.963"/>
</testsuite> <!-- automation.test.runner.Script26_Amazon -->
